2026-07-17 21:14:10,159  INFO [extract.py:13] Extracted 25 from the table
2026-07-17 21:14:10,162  INFO [load.py:21] 0 inserted to dim_driver
2026-07-17 21:14:10,166  INFO [extract.py:13] Extracted 45 from the table
2026-07-17 21:14:10,170  INFO [load.py:44] 0 inserted to dim_passenger
2026-07-17 21:14:10,172  INFO [extract.py:13] Extracted 25 from the table
2026-07-17 21:14:10,174  INFO [load.py:69] 0 inserted to dim_location
2026-07-17 21:14:10,176  INFO [extract.py:13] Extracted 30 from the table
2026-07-17 21:14:10,178  INFO [load.py:139] 0 inserted to dim_vehicle
2026-07-17 21:14:10,178  INFO [extract.py:13] Extracted 7 from the table
2026-07-17 21:14:10,180  INFO [load.py:91] 0 inserted to dim_payment_method
2026-07-17 21:14:10,181  INFO [extract.py:13] Extracted 10 from the table
2026-07-17 21:14:10,182  INFO [load.py:114] 0 inserted to dim_promo_code
2026-07-17 21:14:10,182  INFO [pipeline.py:99] Dimention table load completed on 0.02s
2026-07-17 21:14:10,182  INFO [extract.py:189] Loading lookup table into memmory
2026-07-17 21:14:10,188  INFO [pipeline.py:103] Lookup table extraction completed on 0.01s
2026-07-17 21:14:10,190  INFO [extract.py:233] Watermark: 2026-06-29 21:53:01
2026-07-17 21:14:10,193  INFO [extract.py:13] Extracted 1 from the table
2026-07-17 21:14:10,193  INFO [pipeline.py:111] Trip extraction  completed on 0.01s
2026-07-17 21:14:10,193  INFO [transform.py:114] Transformed 1 rows, skipped 0
2026-07-17 21:14:10,193  INFO [pipeline.py:115] Transformation completed on 0.00s
2026-07-17 21:14:10,193  ERROR [pipeline.py:127] QUALITY GATE FAILED: Quality check failed: completed_have_duration — 1 completed trips with NULL duration_minutes
2026-07-17 21:14:27,093  INFO [extract.py:13] Extracted 25 from the table
2026-07-17 21:14:27,096  INFO [load.py:21] 0 inserted to dim_driver
2026-07-17 21:14:27,103  INFO [extract.py:13] Extracted 45 from the table
2026-07-17 21:14:27,106  INFO [load.py:44] 0 inserted to dim_passenger
2026-07-17 21:14:27,108  INFO [extract.py:13] Extracted 25 from the table
2026-07-17 21:14:27,110  INFO [load.py:69] 0 inserted to dim_location
2026-07-17 21:14:27,112  INFO [extract.py:13] Extracted 30 from the table
2026-07-17 21:14:27,114  INFO [load.py:139] 0 inserted to dim_vehicle
2026-07-17 21:14:27,115  INFO [extract.py:13] Extracted 7 from the table
2026-07-17 21:14:27,116  INFO [load.py:91] 0 inserted to dim_payment_method
2026-07-17 21:14:27,117  INFO [extract.py:13] Extracted 10 from the table
2026-07-17 21:14:27,118  INFO [load.py:114] 0 inserted to dim_promo_code
2026-07-17 21:14:27,118  INFO [pipeline.py:99] Dimention table load completed on 0.03s
2026-07-17 21:14:27,118  INFO [extract.py:189] Loading lookup table into memmory
2026-07-17 21:14:27,124  INFO [pipeline.py:103] Lookup table extraction completed on 0.01s
2026-07-17 21:14:27,126  INFO [extract.py:233] Watermark: 2026-06-29 21:53:01
2026-07-17 21:14:27,129  INFO [extract.py:13] Extracted 1 from the table
2026-07-17 21:14:27,129  INFO [pipeline.py:111] Trip extraction  completed on 0.01s
2026-07-17 21:14:27,129  INFO [transform.py:114] Transformed 1 rows, skipped 0
2026-07-17 21:14:27,129  INFO [pipeline.py:115] Transformation completed on 0.00s
2026-07-17 21:14:27,129  ERROR [pipeline.py:127] QUALITY GATE FAILED: Quality check failed: valid_status — 1 rows with invalid status
2026-07-17 21:14:43,122  INFO [extract.py:13] Extracted 25 from the table
2026-07-17 21:14:43,124  INFO [load.py:21] 0 inserted to dim_driver
2026-07-17 21:14:43,131  INFO [extract.py:13] Extracted 45 from the table
2026-07-17 21:14:43,134  INFO [load.py:44] 0 inserted to dim_passenger
2026-07-17 21:14:43,136  INFO [extract.py:13] Extracted 25 from the table
2026-07-17 21:14:43,138  INFO [load.py:69] 0 inserted to dim_location
2026-07-17 21:14:43,139  INFO [extract.py:13] Extracted 30 from the table
2026-07-17 21:14:43,140  INFO [load.py:139] 0 inserted to dim_vehicle
2026-07-17 21:14:43,143  INFO [extract.py:13] Extracted 7 from the table
2026-07-17 21:14:43,143  INFO [load.py:91] 0 inserted to dim_payment_method
2026-07-17 21:14:43,144  INFO [extract.py:13] Extracted 10 from the table
2026-07-17 21:14:43,145  INFO [load.py:114] 0 inserted to dim_promo_code
2026-07-17 21:14:43,146  INFO [pipeline.py:99] Dimention table load completed on 0.03s
2026-07-17 21:14:43,146  INFO [extract.py:189] Loading lookup table into memmory
2026-07-17 21:14:43,152  INFO [pipeline.py:103] Lookup table extraction completed on 0.01s
2026-07-17 21:14:43,154  INFO [extract.py:233] Watermark: 2026-06-29 21:53:01
2026-07-17 21:14:43,158  INFO [extract.py:13] Extracted 1 from the table
2026-07-17 21:14:43,158  INFO [pipeline.py:111] Trip extraction  completed on 0.01s
2026-07-17 21:14:43,158  INFO [transform.py:114] Transformed 1 rows, skipped 0
2026-07-17 21:14:43,158  INFO [pipeline.py:115] Transformation completed on 0.00s
2026-07-17 21:14:43,158  ERROR [pipeline.py:127] QUALITY GATE FAILED: Quality check failed: no_negative_fares — 1 rows with fare_amount <= 0
