2026-07-17 22:02:55,820  INFO [extract.py:13] Extracted 25 from the table
2026-07-17 22:02:55,825  INFO [load.py:21] 0 inserted to dim_driver
2026-07-17 22:02:55,827  INFO [extract.py:13] Extracted 45 from the table
2026-07-17 22:02:55,831  INFO [load.py:44] 0 inserted to dim_passenger
2026-07-17 22:02:55,832  INFO [extract.py:13] Extracted 25 from the table
2026-07-17 22:02:55,835  INFO [load.py:69] 0 inserted to dim_location
2026-07-17 22:02:55,836  INFO [extract.py:13] Extracted 30 from the table
2026-07-17 22:02:55,838  INFO [load.py:139] 0 inserted to dim_vehicle
2026-07-17 22:02:55,840  INFO [extract.py:13] Extracted 7 from the table
2026-07-17 22:02:55,840  INFO [load.py:91] 0 inserted to dim_payment_method
2026-07-17 22:02:55,842  INFO [extract.py:13] Extracted 10 from the table
2026-07-17 22:02:55,842  INFO [load.py:114] 0 inserted to dim_promo_code
2026-07-17 22:02:55,843  INFO [pipeline.py:99] Dimention table load completed on 0.03s
2026-07-17 22:02:55,843  INFO [extract.py:189] Loading lookup table into memmory
2026-07-17 22:02:55,850  INFO [pipeline.py:103] Lookup table extraction completed on 0.01s
2026-07-17 22:02:55,853  INFO [extract.py:233] Watermark: 2026-06-29 21:53:01
2026-07-17 22:02:55,857  INFO [extract.py:13] Extracted 10 from the table
2026-07-17 22:02:55,857  INFO [pipeline.py:111] Trip extraction  completed on 0.01s
2026-07-17 22:02:55,857  INFO [transform.py:114] Transformed 10 rows, skipped 0
2026-07-17 22:02:55,857  INFO [pipeline.py:115] Transformation completed on 0.00s
2026-07-17 22:02:55,857  INFO [quality.py:124] Quality gate passed: 10 rows, 5 checks
2026-07-17 22:02:55,857  INFO [pipeline.py:122] Quality Check completed on 0.00s
2026-07-17 22:02:55,877  INFO [load.py:186] 10 inserted to fact_trips
2026-07-17 22:02:55,877  INFO [pipeline.py:125] Trip table load completed on 0.02s
